Running: /opt/Xilinx/14.7/ISE_DS/ISE/bin/lin64/unwrapped/fuse -intstyle ise -incremental -lib secureip -o /home/akshay/Xilinix/Lab3_Mysterious/TestBench_isim_beh.exe -prj /home/akshay/Xilinix/Lab3_Mysterious/TestBench_beh.prj work.TestBench 
ISim P.20131013 (signature 0xfbc00daa)
Number of CPUs detected in this system: 4
Turning on mult-threading, number of parallel sub-compilation jobs: 8 
Determining compilation order of HDL files
Parsing VHDL file "/home/akshay/Xilinix/Lab3_Mysterious/HalfAdder.vhd" into library work
Parsing VHDL file "/home/akshay/Xilinix/Lab3_Mysterious/FullAdder.vhd" into library work
Parsing VHDL file "/home/akshay/Xilinix/Lab3_Mysterious/Count.vhd" into library work
Parsing VHDL file "/home/akshay/Xilinix/Lab3_Mysterious/Encrypter.vhd" into library work
Parsing VHDL file "/home/akshay/Xilinix/Lab3_Mysterious/Decrypter.vhd" into library work
Parsing VHDL file "/home/akshay/Xilinix/Lab3_Mysterious/EncrypterAndDecrypter.vhd" into library work
Parsing VHDL file "/home/akshay/Xilinix/Lab3_Mysterious/TestBench.vhd" into library work
Starting static elaboration
Completed static elaboration
Fuse Memory Usage: 98268 KB
Fuse CPU Usage: 1280 ms
Compiling package standard
Compiling package std_logic_1164
Compiling package std_logic_arith
Compiling package std_logic_unsigned
Compiling package numeric_std
Compiling architecture behavioral of entity FullAdder [fulladder_default]
Compiling architecture behavioral of entity HalfAdder [halfadder_default]
Compiling architecture behavioral of entity Count [count_default]
Compiling architecture behavioral of entity Encrypter [encrypter_default]
Compiling architecture behavioral of entity Decrypter [decrypter_default]
Compiling architecture behavioral of entity EncrypterAndDecrypter [encrypteranddecrypter_default]
Compiling architecture behavior of entity testbench
Time Resolution for simulation is 1ps.
Compiled 18 VHDL Units
Built simulation executable /home/akshay/Xilinix/Lab3_Mysterious/TestBench_isim_beh.exe
Fuse Memory Usage: 674324 KB
Fuse CPU Usage: 1410 ms
GCC CPU Usage: 480 ms
